<?xml version="1.0" encoding="UTF-8"?>
<!-- Generated by org.testng.reporters.JUnitReportReporter -->
<testsuite hostname="Shruthi" failures="0" tests="1" name="tests.demo2" time="7.708" errors="0" timestamp="24 Dec 2023 02:58:10 GMT">
  <testcase classname="tests.demo2" name="DragDropTest" time="7.708"/>
</testsuite> <!-- tests.demo2 -->
