<?xml version="1.0" encoding="UTF-8"?>
<!-- Generated by org.testng.reporters.JUnitReportReporter -->
<testsuite hostname="Shruthi" failures="0" tests="1" name="tests.demo" time="8.622" errors="0" timestamp="24 Dec 2023 02:58:10 GMT">
  <testcase classname="tests.demo" name="AppiumTest" time="8.622"/>
</testsuite> <!-- tests.demo -->
